Using pre-set license
Built from '2022.3/staging' branch; Version is '2022.3.19f1 (244b723c30a6) revision 2378610'; Using compiler version '192829333'; Build Type 'Release'
OS: 'Windows 10  (10.0.19045) 64bit Professional' Language: 'ru' Physical Memory: 6091 MB
BatchMode: 1, IsHumanControllingUs: 0, StartBugReporterOnCrash: 0, Is64bit: 1, IsPro: 1

COMMAND LINE ARGUMENTS:
D:\software\unity\2022.3.19f1\Editor\Unity.exe
-adb2
-batchMode
-noUpm
-name
AssetImportWorker0
-projectPath
D:/education/game/candyKiller
-logFile
Logs/AssetImportWorker0.log
-srvPort
13694
Successfully changed project path to: D:/education/game/candyKiller
D:/education/game/candyKiller
[UnityMemory] Configuration Parameters - Can be set up in boot.config
    "memorysetup-bucket-allocator-granularity=16"
    "memorysetup-bucket-allocator-bucket-count=8"
    "memorysetup-bucket-allocator-block-size=33554432"
    "memorysetup-bucket-allocator-block-count=8"
    "memorysetup-main-allocator-block-size=16777216"
    "memorysetup-thread-allocator-block-size=16777216"
    "memorysetup-gfx-main-allocator-block-size=16777216"
    "memorysetup-gfx-thread-allocator-block-size=16777216"
    "memorysetup-cache-allocator-block-size=4194304"
    "memorysetup-typetree-allocator-block-size=2097152"
    "memorysetup-profiler-bucket-allocator-granularity=16"
    "memorysetup-profiler-bucket-allocator-bucket-count=8"
    "memorysetup-profiler-bucket-allocator-block-size=33554432"
    "memorysetup-profiler-bucket-allocator-block-count=8"
    "memorysetup-profiler-allocator-block-size=16777216"
    "memorysetup-profiler-editor-allocator-block-size=1048576"
    "memorysetup-temp-allocator-size-main=16777216"
    "memorysetup-job-temp-allocator-block-size=2097152"
    "memorysetup-job-temp-allocator-block-size-background=1048576"
    "memorysetup-job-temp-allocator-reduction-small-platforms=262144"
    "memorysetup-allocator-temp-initial-block-size-main=262144"
    "memorysetup-allocator-temp-initial-block-size-worker=262144"
    "memorysetup-temp-allocator-size-background-worker=32768"
    "memorysetup-temp-allocator-size-job-worker=262144"
    "memorysetup-temp-allocator-size-preload-manager=33554432"
    "memorysetup-temp-allocator-size-nav-mesh-worker=65536"
    "memorysetup-temp-allocator-size-audio-worker=65536"
    "memorysetup-temp-allocator-size-cloud-worker=32768"
    "memorysetup-temp-allocator-size-gi-baking-worker=262144"
    "memorysetup-temp-allocator-size-gfx=262144"
Player connection [13036] Host "[IP] 192.168.1.3 [Port] 0 [Flags] 2 [Guid] 882632445 [EditorId] 882632445 [Version] 1048832 [Id] WindowsEditor(7,DESKTOP-LDTUA3M) [Debug] 1 [PackageName] WindowsEditor [ProjectName] Editor" joined multi-casting on [225.0.0.222:54997]...

Player connection [13036] Host "[IP] 192.168.1.3 [Port] 0 [Flags] 2 [Guid] 882632445 [EditorId] 882632445 [Version] 1048832 [Id] WindowsEditor(7,DESKTOP-LDTUA3M) [Debug] 1 [PackageName] WindowsEditor [ProjectName] Editor" joined alternative multi-casting on [225.0.0.222:34997]...

[Physics::Module] Initialized MultithreadedJobDispatcher with 7 workers.
Refreshing native plugins compatible for Editor in 29.67 ms, found 3 plugins.
Preloading 0 native plugins for Editor in 0.00 ms.
Initialize engine version: 2022.3.19f1 (244b723c30a6)
[Subsystems] Discovering subsystems at path D:/software/unity/2022.3.19f1/Editor/Data/Resources/UnitySubsystems
[Subsystems] Discovering subsystems at path D:/education/game/candyKiller/Assets
GfxDevice: creating device client; threaded=0; jobified=0
Direct3D:
    Version:  Direct3D 11.0 [level 11.1]
    Renderer: AMD Radeon(TM) Vega 8 Graphics (ID=0x15d8)
    Vendor:   ATI
    VRAM:     3045 MB
    Driver:   30.0.13044.10001
Initialize mono
Mono path[0] = 'D:/software/unity/2022.3.19f1/Editor/Data/Managed'
Mono path[1] = 'D:/software/unity/2022.3.19f1/Editor/Data/MonoBleedingEdge/lib/mono/unityjit-win32'
Mono config path = 'D:/software/unity/2022.3.19f1/Editor/Data/MonoBleedingEdge/etc'
Using monoOptions --debugger-agent=transport=dt_socket,embedding=1,server=y,suspend=n,address=127.0.0.1:56052
Begin MonoManager ReloadAssembly
Registering precompiled unity dll's ...
Register platform support module: D:/software/unity/2022.3.19f1/Editor/Data/PlaybackEngines/WindowsStandaloneSupport/UnityEditor.WindowsStandalone.Extensions.dll
Registered in 0.021163 seconds.
- Loaded All Assemblies, in  0.944 seconds
Native extension for WindowsStandalone target not found
Mono: successfully reloaded assembly
- Finished resetting the current domain, in  0.824 seconds
Domain Reload Profiling: 1769ms
	BeginReloadAssembly (333ms)
		ExecutionOrderSort (0ms)
		DisableScriptedObjects (0ms)
		BackupInstance (0ms)
		ReleaseScriptingObjects (0ms)
		CreateAndSetChildDomain (1ms)
	RebuildCommonClasses (79ms)
	RebuildNativeTypeToScriptingClass (26ms)
	initialDomainReloadingComplete (163ms)
	LoadAllAssembliesAndSetupDomain (343ms)
		LoadAssemblies (332ms)
		RebuildTransferFunctionScriptingTraits (0ms)
		AnalyzeDomain (339ms)
			TypeCache.Refresh (334ms)
				TypeCache.ScanAssembly (298ms)
			ScanForSourceGeneratedMonoScriptInfo (1ms)
			ResolveRequiredComponents (2ms)
	FinalizeReload (826ms)
		ReleaseScriptCaches (0ms)
		RebuildScriptCaches (0ms)
		SetupLoadedEditorAssemblies (647ms)
			LogAssemblyErrors (0ms)
			InitializePlatformSupportModulesInManaged (33ms)
			SetLoadedEditorAssemblies (22ms)
			RefreshPlugins (0ms)
			BeforeProcessingInitializeOnLoad (9ms)
			ProcessInitializeOnLoadAttributes (466ms)
			ProcessInitializeOnLoadMethodAttributes (118ms)
			AfterProcessingInitializeOnLoad (0ms)
			EditorAssembliesLoaded (0ms)
		ExecutionOrderSort2 (0ms)
		AwakeInstancesAfterBackupRestoration (0ms)
========================================================================
Worker process is ready to serve import requests
Begin MonoManager ReloadAssembly
- Loaded All Assemblies, in  2.299 seconds
Refreshing native plugins compatible for Editor in 5.63 ms, found 3 plugins.
Native extension for WindowsStandalone target not found
Package Manager log level set to [2]
[Package Manager] Server::EnsureServerProcessIsRunning -- launch failed, reason: Unity was launched with the -noUpm command-line argument
[Package Manager] UpmClient::Send -- Unable to send message (not connected to UPM process).
[Package Manager] Cannot connect to Unity Package Manager local server
Mono: successfully reloaded assembly
- Finished resetting the current domain, in  1.543 seconds
Domain Reload Profiling: 3868ms
	BeginReloadAssembly (386ms)
		ExecutionOrderSort (0ms)
		DisableScriptedObjects (16ms)
		BackupInstance (0ms)
		ReleaseScriptingObjects (0ms)
		CreateAndSetChildDomain (43ms)
	RebuildCommonClasses (72ms)
	RebuildNativeTypeToScriptingClass (26ms)
	initialDomainReloadingComplete (145ms)
	LoadAllAssembliesAndSetupDomain (1696ms)
		LoadAssemblies (1088ms)
		RebuildTransferFunctionScriptingTraits (0ms)
		AnalyzeDomain (820ms)
			TypeCache.Refresh (719ms)
				TypeCache.ScanAssembly (658ms)
			ScanForSourceGeneratedMonoScriptInfo (79ms)
			ResolveRequiredComponents (18ms)
	FinalizeReload (1544ms)
		ReleaseScriptCaches (0ms)
		RebuildScriptCaches (0ms)
		SetupLoadedEditorAssemblies (1116ms)
			LogAssemblyErrors (0ms)
			InitializePlatformSupportModulesInManaged (12ms)
			SetLoadedEditorAssemblies (12ms)
			RefreshPlugins (0ms)
			BeforeProcessingInitializeOnLoad (153ms)
			ProcessInitializeOnLoadAttributes (869ms)
			ProcessInitializeOnLoadMethodAttributes (64ms)
			AfterProcessingInitializeOnLoad (6ms)
			EditorAssembliesLoaded (1ms)
		ExecutionOrderSort2 (0ms)
		AwakeInstancesAfterBackupRestoration (20ms)
Launched and connected shader compiler UnityShaderCompiler.exe after 0.13 seconds
Refreshing native plugins compatible for Editor in 6.48 ms, found 3 plugins.
Preloading 0 native plugins for Editor in 0.00 ms.
Unloading 3384 Unused Serialized files (Serialized files now loaded: 0)
Unloading 46 unused Assets / (195.1 KB). Loaded Objects now: 3856.
Memory consumption went from 157.5 MB to 157.3 MB.
Total: 12.030800 ms (FindLiveObjects: 0.897300 ms CreateObjectMapping: 0.546400 ms MarkObjects: 10.224900 ms  DeleteObjects: 0.360200 ms)

AssetImportParameters requested are different than current active one (requested -> active):
  custom:container-demuxer-ogg: 62fdf1f143b41e24485cea50d1cbac27 -> 
  custom:video-decoder-ogg-theora: a1e56fd34408186e4bbccfd4996cb3dc -> 
  custom:framework-win-MediaFoundation: 216162199b28c13a410421893ffa2e32 -> 
  custom:CustomObjectIndexerAttribute: 6d391050e5a25f67b0a2c618074f2cd9 -> 
  custom:container-demuxer-webm: 4f35f7cbe854078d1ac9338744f61a02 -> 
  custom:container-muxer-webm: aa71ff27fc2769a1b78a27578f13a17b -> 
  custom:video-decoder-webm-vp8: 9c59270c3fd7afecdb556c50c9e8de78 -> 
  custom:SearchIndexIgnoredProperties: e643bd26f0fe6173181afceb89e7c659 -> 
  custom:AudioImporter_EditorPlatform: d09bf68614088b80899f8185d706f6e7 -> 
  custom:video-encoder-webm-vp8: eb34c28f22e8b96e1ab97ce403110664 -> 
  custom:audio-decoder-ogg-vorbis: bf7c407c2cedff20999df2af8eb42d56 -> 
  custom:audio-encoder-webm-vorbis: bf7c407c2cedff20999df2af8eb42d56 -> 
========================================================================
Received Import Request.
  Time since last request: 765848.091814 seconds.
  path: Assets/Ice Cream Truck/ice-cream-truck
  artifactKey: Guid(e33916d99dabb6c46be6996d01fa27a9) Importer(815301076,1909f56bfc062723c751e8b465ee728b)
Start importing Assets/Ice Cream Truck/ice-cream-truck using Guid(e33916d99dabb6c46be6996d01fa27a9) Importer(815301076,1909f56bfc062723c751e8b465ee728b)  -> (artifact id: '4b0e378a4851ee14f543a493197d636a') in 0.005891 seconds
Number of updated asset objects reloaded before import = 0
Number of asset objects unloaded after import = 0
========================================================================
Received Import Request.
  Time since last request: 0.188616 seconds.
  path: Assets/Ice Cream Truck/ice-cream-truck/source
  artifactKey: Guid(f304ae3612a986e4389ae87e06e3dbd4) Importer(815301076,1909f56bfc062723c751e8b465ee728b)
Start importing Assets/Ice Cream Truck/ice-cream-truck/source using Guid(f304ae3612a986e4389ae87e06e3dbd4) Importer(815301076,1909f56bfc062723c751e8b465ee728b)  -> (artifact id: '8e819a02d228d94f654c4b8b725f9eae') in 0.001730 seconds
Number of updated asset objects reloaded before import = 0
Number of asset objects unloaded after import = 0
========================================================================
Received Import Request.
  Time since last request: 1.865365 seconds.
  path: Assets/Ice Cream Truck/ice-cream-truck/source/car base low poly.zip
  artifactKey: Guid(1fe9a09417cbf4c4cb2258c57e406b77) Importer(815301076,1909f56bfc062723c751e8b465ee728b)
Start importing Assets/Ice Cream Truck/ice-cream-truck/source/car base low poly.zip using Guid(1fe9a09417cbf4c4cb2258c57e406b77) Importer(815301076,1909f56bfc062723c751e8b465ee728b)  -> (artifact id: 'af6f9bf6f8f7b9bad7c4fe9f7420cc4f') in 0.031426 seconds
Number of updated asset objects reloaded before import = 0
Number of asset objects unloaded after import = 1
========================================================================
Received Import Request.
  Time since last request: 43.564598 seconds.
  path: Assets/Ice Cream Truck/ice-cream-truck/source/car base low poly
  artifactKey: Guid(a096a18aafeb4cf4bb617e7cfa3bb93e) Importer(815301076,1909f56bfc062723c751e8b465ee728b)
Start importing Assets/Ice Cream Truck/ice-cream-truck/source/car base low poly using Guid(a096a18aafeb4cf4bb617e7cfa3bb93e) Importer(815301076,1909f56bfc062723c751e8b465ee728b)  -> (artifact id: 'af40ee5494d815272e11b52de85ca87f') in 0.000788 seconds
Number of updated asset objects reloaded before import = 0
Number of asset objects unloaded after import = 0
========================================================================
Received Import Request.
  Time since last request: 0.061282 seconds.
  path: Assets/Ice Cream Truck/ice-cream-truck/source/car base low poly/car base low poly.obj
  artifactKey: Guid(8be5ff99e1861084781446e6c699fd80) Importer(815301076,1909f56bfc062723c751e8b465ee728b)
Start importing Assets/Ice Cream Truck/ice-cream-truck/source/car base low poly/car base low poly.obj using Guid(8be5ff99e1861084781446e6c699fd80) Importer(815301076,1909f56bfc062723c751e8b465ee728b)  -> (artifact id: 'ce315acb99bf73b2e28581dc7fb14c6a') in 6.980263 seconds
Number of updated asset objects reloaded before import = 0
Number of asset objects unloaded after import = 1078
========================================================================
Received Prepare
Begin MonoManager ReloadAssembly
- Loaded All Assemblies, in  0.944 seconds
Refreshing native plugins compatible for Editor in 3.00 ms, found 3 plugins.
Native extension for WindowsStandalone target not found
[Package Manager] Server::EnsureServerProcessIsRunning -- launch failed, reason: Unity was launched with the -noUpm command-line argument
[Package Manager] UpmClient::Send -- Unable to send message (not connected to UPM process).
[Package Manager] Cannot connect to Unity Package Manager local server
Mono: successfully reloaded assembly
- Finished resetting the current domain, in  4.019 seconds
Domain Reload Profiling: 4963ms
	BeginReloadAssembly (303ms)
		ExecutionOrderSort (0ms)
		DisableScriptedObjects (11ms)
		BackupInstance (0ms)
		ReleaseScriptingObjects (0ms)
		CreateAndSetChildDomain (64ms)
	RebuildCommonClasses (75ms)
	RebuildNativeTypeToScriptingClass (21ms)
	initialDomainReloadingComplete (54ms)
	LoadAllAssembliesAndSetupDomain (490ms)
		LoadAssemblies (647ms)
		RebuildTransferFunctionScriptingTraits (0ms)
		AnalyzeDomain (25ms)
			TypeCache.Refresh (12ms)
				TypeCache.ScanAssembly (0ms)
			ScanForSourceGeneratedMonoScriptInfo (0ms)
			ResolveRequiredComponents (10ms)
	FinalizeReload (4020ms)
		ReleaseScriptCaches (0ms)
		RebuildScriptCaches (0ms)
		SetupLoadedEditorAssemblies (1498ms)
			LogAssemblyErrors (0ms)
			InitializePlatformSupportModulesInManaged (18ms)
			SetLoadedEditorAssemblies (18ms)
			RefreshPlugins (0ms)
			BeforeProcessingInitializeOnLoad (191ms)
			ProcessInitializeOnLoadAttributes (1129ms)
			ProcessInitializeOnLoadMethodAttributes (132ms)
			AfterProcessingInitializeOnLoad (9ms)
			EditorAssembliesLoaded (1ms)
		ExecutionOrderSort2 (0ms)
		AwakeInstancesAfterBackupRestoration (27ms)
Refreshing native plugins compatible for Editor in 7.27 ms, found 3 plugins.
Preloading 0 native plugins for Editor in 0.00 ms.
Unloading 3311 Unused Serialized files (Serialized files now loaded: 0)
Unloading 25 unused Assets / (167.6 KB). Loaded Objects now: 3915.
Memory consumption went from 147.8 MB to 147.6 MB.
Total: 12.252600 ms (FindLiveObjects: 1.460900 ms CreateObjectMapping: 1.119800 ms MarkObjects: 9.223200 ms  DeleteObjects: 0.442900 ms)

Prepare: number of updated asset objects reloaded= 0
AssetImportParameters requested are different than current active one (requested -> active):
  custom:container-demuxer-ogg: 62fdf1f143b41e24485cea50d1cbac27 -> 
  custom:video-decoder-ogg-theora: a1e56fd34408186e4bbccfd4996cb3dc -> 
  custom:framework-win-MediaFoundation: 216162199b28c13a410421893ffa2e32 -> 
  custom:CustomObjectIndexerAttribute: 6d391050e5a25f67b0a2c618074f2cd9 -> 
  custom:container-demuxer-webm: 4f35f7cbe854078d1ac9338744f61a02 -> 
  custom:container-muxer-webm: aa71ff27fc2769a1b78a27578f13a17b -> 
  custom:video-decoder-webm-vp8: 9c59270c3fd7afecdb556c50c9e8de78 -> 
  custom:SearchIndexIgnoredProperties: e643bd26f0fe6173181afceb89e7c659 -> 
  custom:AudioImporter_EditorPlatform: d09bf68614088b80899f8185d706f6e7 -> 
  custom:video-encoder-webm-vp8: eb34c28f22e8b96e1ab97ce403110664 -> 
  custom:audio-decoder-ogg-vorbis: bf7c407c2cedff20999df2af8eb42d56 -> 
  custom:audio-encoder-webm-vorbis: bf7c407c2cedff20999df2af8eb42d56 -> 
========================================================================
Received Prepare
Begin MonoManager ReloadAssembly
- Loaded All Assemblies, in  0.921 seconds
Refreshing native plugins compatible for Editor in 3.00 ms, found 3 plugins.
Native extension for WindowsStandalone target not found
[Package Manager] Server::EnsureServerProcessIsRunning -- launch failed, reason: Unity was launched with the -noUpm command-line argument
[Package Manager] UpmClient::Send -- Unable to send message (not connected to UPM process).
[Package Manager] Cannot connect to Unity Package Manager local server
Mono: successfully reloaded assembly
- Finished resetting the current domain, in  3.045 seconds
Domain Reload Profiling: 3967ms
	BeginReloadAssembly (299ms)
		ExecutionOrderSort (0ms)
		DisableScriptedObjects (9ms)
		BackupInstance (0ms)
		ReleaseScriptingObjects (0ms)
		CreateAndSetChildDomain (66ms)
	RebuildCommonClasses (68ms)
	RebuildNativeTypeToScriptingClass (28ms)
	initialDomainReloadingComplete (53ms)
	LoadAllAssembliesAndSetupDomain (472ms)
		LoadAssemblies (615ms)
		RebuildTransferFunctionScriptingTraits (0ms)
		AnalyzeDomain (24ms)
			TypeCache.Refresh (12ms)
				TypeCache.ScanAssembly (0ms)
			ScanForSourceGeneratedMonoScriptInfo (0ms)
			ResolveRequiredComponents (9ms)
	FinalizeReload (3047ms)
		ReleaseScriptCaches (0ms)
		RebuildScriptCaches (0ms)
		SetupLoadedEditorAssemblies (1473ms)
			LogAssemblyErrors (0ms)
			InitializePlatformSupportModulesInManaged (18ms)
			SetLoadedEditorAssemblies (16ms)
			RefreshPlugins (0ms)
			BeforeProcessingInitializeOnLoad (207ms)
			ProcessInitializeOnLoadAttributes (1142ms)
			ProcessInitializeOnLoadMethodAttributes (80ms)
			AfterProcessingInitializeOnLoad (8ms)
			EditorAssembliesLoaded (1ms)
		ExecutionOrderSort2 (0ms)
		AwakeInstancesAfterBackupRestoration (29ms)
Refreshing native plugins compatible for Editor in 6.57 ms, found 3 plugins.
Preloading 0 native plugins for Editor in 0.00 ms.
Unloading 3312 Unused Serialized files (Serialized files now loaded: 0)
Unloading 25 unused Assets / (167.7 KB). Loaded Objects now: 3930.
Memory consumption went from 150.0 MB to 149.8 MB.
Total: 20.003400 ms (FindLiveObjects: 1.559100 ms CreateObjectMapping: 1.075900 ms MarkObjects: 16.649400 ms  DeleteObjects: 0.714000 ms)

Prepare: number of updated asset objects reloaded= 0
AssetImportParameters requested are different than current active one (requested -> active):
  custom:container-demuxer-ogg: 62fdf1f143b41e24485cea50d1cbac27 -> 
  custom:video-decoder-ogg-theora: a1e56fd34408186e4bbccfd4996cb3dc -> 
  custom:framework-win-MediaFoundation: 216162199b28c13a410421893ffa2e32 -> 
  custom:CustomObjectIndexerAttribute: 6d391050e5a25f67b0a2c618074f2cd9 -> 
  custom:container-demuxer-webm: 4f35f7cbe854078d1ac9338744f61a02 -> 
  custom:container-muxer-webm: aa71ff27fc2769a1b78a27578f13a17b -> 
  custom:video-decoder-webm-vp8: 9c59270c3fd7afecdb556c50c9e8de78 -> 
  custom:SearchIndexIgnoredProperties: e643bd26f0fe6173181afceb89e7c659 -> 
  custom:AudioImporter_EditorPlatform: d09bf68614088b80899f8185d706f6e7 -> 
  custom:video-encoder-webm-vp8: eb34c28f22e8b96e1ab97ce403110664 -> 
  custom:audio-decoder-ogg-vorbis: bf7c407c2cedff20999df2af8eb42d56 -> 
  custom:audio-encoder-webm-vorbis: bf7c407c2cedff20999df2af8eb42d56 -> 
========================================================================
Received Prepare
Begin MonoManager ReloadAssembly
- Loaded All Assemblies, in  0.897 seconds
Refreshing native plugins compatible for Editor in 4.63 ms, found 3 plugins.
Native extension for WindowsStandalone target not found
[Package Manager] Server::EnsureServerProcessIsRunning -- launch failed, reason: Unity was launched with the -noUpm command-line argument
[Package Manager] UpmClient::Send -- Unable to send message (not connected to UPM process).
[Package Manager] Cannot connect to Unity Package Manager local server
Mono: successfully reloaded assembly
- Finished resetting the current domain, in  2.512 seconds
Domain Reload Profiling: 3409ms
	BeginReloadAssembly (293ms)
		ExecutionOrderSort (0ms)
		DisableScriptedObjects (9ms)
		BackupInstance (0ms)
		ReleaseScriptingObjects (0ms)
		CreateAndSetChildDomain (60ms)
	RebuildCommonClasses (69ms)
	RebuildNativeTypeToScriptingClass (23ms)
	initialDomainReloadingComplete (47ms)
	LoadAllAssembliesAndSetupDomain (462ms)
		LoadAssemblies (598ms)
		RebuildTransferFunctionScriptingTraits (0ms)
		AnalyzeDomain (32ms)
			TypeCache.Refresh (15ms)
				TypeCache.ScanAssembly (0ms)
			ScanForSourceGeneratedMonoScriptInfo (0ms)
			ResolveRequiredComponents (14ms)
	FinalizeReload (2513ms)
		ReleaseScriptCaches (0ms)
		RebuildScriptCaches (0ms)
		SetupLoadedEditorAssemblies (1483ms)
			LogAssemblyErrors (0ms)
			InitializePlatformSupportModulesInManaged (20ms)
			SetLoadedEditorAssemblies (15ms)
			RefreshPlugins (0ms)
			BeforeProcessingInitializeOnLoad (196ms)
			ProcessInitializeOnLoadAttributes (1163ms)
			ProcessInitializeOnLoadMethodAttributes (78ms)
			AfterProcessingInitializeOnLoad (9ms)
			EditorAssembliesLoaded (1ms)
		ExecutionOrderSort2 (0ms)
		AwakeInstancesAfterBackupRestoration (29ms)
Refreshing native plugins compatible for Editor in 8.48 ms, found 3 plugins.
Preloading 0 native plugins for Editor in 0.00 ms.
Unloading 3312 Unused Serialized files (Serialized files now loaded: 0)
Unloading 25 unused Assets / (167.6 KB). Loaded Objects now: 3945.
Memory consumption went from 151.9 MB to 151.7 MB.
Total: 15.007500 ms (FindLiveObjects: 1.479900 ms CreateObjectMapping: 1.221300 ms MarkObjects: 11.802100 ms  DeleteObjects: 0.498600 ms)

Prepare: number of updated asset objects reloaded= 0
AssetImportParameters requested are different than current active one (requested -> active):
  custom:container-demuxer-ogg: 62fdf1f143b41e24485cea50d1cbac27 -> 
  custom:video-decoder-ogg-theora: a1e56fd34408186e4bbccfd4996cb3dc -> 
  custom:framework-win-MediaFoundation: 216162199b28c13a410421893ffa2e32 -> 
  custom:CustomObjectIndexerAttribute: 6d391050e5a25f67b0a2c618074f2cd9 -> 
  custom:container-demuxer-webm: 4f35f7cbe854078d1ac9338744f61a02 -> 
  custom:container-muxer-webm: aa71ff27fc2769a1b78a27578f13a17b -> 
  custom:video-decoder-webm-vp8: 9c59270c3fd7afecdb556c50c9e8de78 -> 
  custom:SearchIndexIgnoredProperties: e643bd26f0fe6173181afceb89e7c659 -> 
  custom:AudioImporter_EditorPlatform: d09bf68614088b80899f8185d706f6e7 -> 
  custom:video-encoder-webm-vp8: eb34c28f22e8b96e1ab97ce403110664 -> 
  custom:audio-decoder-ogg-vorbis: bf7c407c2cedff20999df2af8eb42d56 -> 
  custom:audio-encoder-webm-vorbis: bf7c407c2cedff20999df2af8eb42d56 -> 
========================================================================
Received Import Request.
  Time since last request: 225.278748 seconds.
  path: Assets/Ice Cream Truck/ice-cream-truck/source/car base low poly/Textures
  artifactKey: Guid(8f39e280e26f32d42b18319e7916b763) Importer(815301076,1909f56bfc062723c751e8b465ee728b)
Start importing Assets/Ice Cream Truck/ice-cream-truck/source/car base low poly/Textures using Guid(8f39e280e26f32d42b18319e7916b763) Importer(815301076,1909f56bfc062723c751e8b465ee728b)  -> (artifact id: 'aa16c9a62831ec5f8a4d8adf08b2b23f') in 0.005341 seconds
Number of updated asset objects reloaded before import = 0
Number of asset objects unloaded after import = 0
========================================================================
Received Import Request.
  Time since last request: 7.948506 seconds.
  path: Assets/Ice Cream Truck/ice-cream-truck/source/car base low poly/Materials
  artifactKey: Guid(25b57609b2cadc544b83d53308a3302e) Importer(815301076,1909f56bfc062723c751e8b465ee728b)
Start importing Assets/Ice Cream Truck/ice-cream-truck/source/car base low poly/Materials using Guid(25b57609b2cadc544b83d53308a3302e) Importer(815301076,1909f56bfc062723c751e8b465ee728b)  -> (artifact id: '94ce50c120565547cc51c794a1d3077a') in 0.000826 seconds
Number of updated asset objects reloaded before import = 0
Number of asset objects unloaded after import = 0
========================================================================
Received Import Request.
  Time since last request: 9.444588 seconds.
  path: Assets/Ice Cream Truck/ice-cream-truck/source/car base low poly/car base low poly.obj
  artifactKey: Guid(8be5ff99e1861084781446e6c699fd80) Importer(815301076,1909f56bfc062723c751e8b465ee728b)
Start importing Assets/Ice Cream Truck/ice-cream-truck/source/car base low poly/car base low poly.obj using Guid(8be5ff99e1861084781446e6c699fd80) Importer(815301076,1909f56bfc062723c751e8b465ee728b)  -> (artifact id: '13b6b5876795365d21a9f6c41bf4b47a') in 3.403954 seconds
Number of updated asset objects reloaded before import = 0
Number of asset objects unloaded after import = 1078
========================================================================
Received Import Request.
  Time since last request: 9.741562 seconds.
  path: Assets/Ice Cream Truck/ice-cream-truck/source/car base low poly/Materials/group8_lowres_11111_133Mat.mat
  artifactKey: Guid(7109baf0814edac43be19153d96ac5d2) Importer(815301076,1909f56bfc062723c751e8b465ee728b)
Start importing Assets/Ice Cream Truck/ice-cream-truck/source/car base low poly/Materials/group8_lowres_11111_133Mat.mat using Guid(7109baf0814edac43be19153d96ac5d2) Importer(815301076,1909f56bfc062723c751e8b465ee728b)  -> (artifact id: 'f9188f34f4dc9b27243efaba42213483') in 0.100569 seconds
Number of updated asset objects reloaded before import = 0
Number of asset objects unloaded after import = 1
========================================================================
Received Import Request.
  Time since last request: 0.000120 seconds.
  path: Assets/Ice Cream Truck/ice-cream-truck/source/car base low poly/Materials/group8_pSphere9Mat.mat
  artifactKey: Guid(6d5e8bee6c3bddb4880af2f86a354e03) Importer(815301076,1909f56bfc062723c751e8b465ee728b)
Start importing Assets/Ice Cream Truck/ice-cream-truck/source/car base low poly/Materials/group8_pSphere9Mat.mat using Guid(6d5e8bee6c3bddb4880af2f86a354e03) Importer(815301076,1909f56bfc062723c751e8b465ee728b)  -> (artifact id: 'c6566b216be481e98cecb0a80bcdeff3') in 0.044008 seconds
Number of updated asset objects reloaded before import = 0
Number of asset objects unloaded after import = 1
========================================================================
Received Import Request.
  Time since last request: 0.000054 seconds.
  path: Assets/Ice Cream Truck/ice-cream-truck/source/car base low poly/Materials/group8_lowres_11128Mat.mat
  artifactKey: Guid(d16cd602e9118b64cbbb4e4d4bf33239) Importer(815301076,1909f56bfc062723c751e8b465ee728b)
Start importing Assets/Ice Cream Truck/ice-cream-truck/source/car base low poly/Materials/group8_lowres_11128Mat.mat using Guid(d16cd602e9118b64cbbb4e4d4bf33239) Importer(815301076,1909f56bfc062723c751e8b465ee728b)  -> (artifact id: 'b0da1d1c082390d7fee14774bfab235d') in 0.065038 seconds
Number of updated asset objects reloaded before import = 0
Number of asset objects unloaded after import = 1
========================================================================
Received Import Request.
  Time since last request: 0.000071 seconds.
  path: Assets/Ice Cream Truck/ice-cream-truck/source/car base low poly/Materials/group8_lowres_11127Mat.mat
  artifactKey: Guid(36efeff2dbc633347a194cae457c6b8d) Importer(815301076,1909f56bfc062723c751e8b465ee728b)
Start importing Assets/Ice Cream Truck/ice-cream-truck/source/car base low poly/Materials/group8_lowres_11127Mat.mat using Guid(36efeff2dbc633347a194cae457c6b8d) Importer(815301076,1909f56bfc062723c751e8b465ee728b)  -> (artifact id: '224db1969f736ccb14ce6cd96397216e') in 0.062032 seconds
Number of updated asset objects reloaded before import = 0
Number of asset objects unloaded after import = 1
========================================================================
Received Import Request.
  Time since last request: 0.000078 seconds.
  path: Assets/Ice Cream Truck/ice-cream-truck/source/car base low poly/Materials/group8_pSphere4Mat.mat
  artifactKey: Guid(b21c6f5db2a382141ba1cf2dbffb0ed5) Importer(815301076,1909f56bfc062723c751e8b465ee728b)
Start importing Assets/Ice Cream Truck/ice-cream-truck/source/car base low poly/Materials/group8_pSphere4Mat.mat using Guid(b21c6f5db2a382141ba1cf2dbffb0ed5) Importer(815301076,1909f56bfc062723c751e8b465ee728b)  -> (artifact id: '1a0f201c74deeecabd97bd4a42b5cb40') in 0.093833 seconds
Number of updated asset objects reloaded before import = 0
Number of asset objects unloaded after import = 1
========================================================================
Received Import Request.
  Time since last request: 0.000097 seconds.
  path: Assets/Ice Cream Truck/ice-cream-truck/source/car base low poly/Materials/group8_lowres_11118Mat.mat
  artifactKey: Guid(3067e91a8c315464a8a79f32c707cdd7) Importer(815301076,1909f56bfc062723c751e8b465ee728b)
Start importing Assets/Ice Cream Truck/ice-cream-truck/source/car base low poly/Materials/group8_lowres_11118Mat.mat using Guid(3067e91a8c315464a8a79f32c707cdd7) Importer(815301076,1909f56bfc062723c751e8b465ee728b)  -> (artifact id: '8611bf9956dba95add8f6a13e80d492f') in 0.055036 seconds
Number of updated asset objects reloaded before import = 0
Number of asset objects unloaded after import = 1
========================================================================
Received Import Request.
  Time since last request: 0.003289 seconds.
  path: Assets/Ice Cream Truck/ice-cream-truck/source/car base low poly/Materials/group8_lowres_11120Mat.mat
  artifactKey: Guid(182d78c4fcb0b6e4d977131e442bbb30) Importer(815301076,1909f56bfc062723c751e8b465ee728b)
Start importing Assets/Ice Cream Truck/ice-cream-truck/source/car base low poly/Materials/group8_lowres_11120Mat.mat using Guid(182d78c4fcb0b6e4d977131e442bbb30) Importer(815301076,1909f56bfc062723c751e8b465ee728b)  -> (artifact id: '4c2246a31b68b31a71b8f8e2264dc388') in 0.093868 seconds
Number of updated asset objects reloaded before import = 0
Number of asset objects unloaded after import = 1
========================================================================
Received Import Request.
  Time since last request: 0.000200 seconds.
  path: Assets/Ice Cream Truck/ice-cream-truck/source/car base low poly/Materials/group8_lowres_11134Mat.mat
  artifactKey: Guid(98cf69922ba04bd4cb4d4fbe6bf037fa) Importer(815301076,1909f56bfc062723c751e8b465ee728b)
Start importing Assets/Ice Cream Truck/ice-cream-truck/source/car base low poly/Materials/group8_lowres_11134Mat.mat using Guid(98cf69922ba04bd4cb4d4fbe6bf037fa) Importer(815301076,1909f56bfc062723c751e8b465ee728b)  -> (artifact id: '0e08bac6c91d954531bcdb11352786fc') in 0.049784 seconds
Number of updated asset objects reloaded before import = 0
Number of asset objects unloaded after import = 1
========================================================================
Received Import Request.
  Time since last request: 0.000053 seconds.
  path: Assets/Ice Cream Truck/ice-cream-truck/source/car base low poly/Materials/group8_lowres_11133Mat.mat
  artifactKey: Guid(9437fce375516e04ea8c9c92fb2b2d6f) Importer(815301076,1909f56bfc062723c751e8b465ee728b)
Start importing Assets/Ice Cream Truck/ice-cream-truck/source/car base low poly/Materials/group8_lowres_11133Mat.mat using Guid(9437fce375516e04ea8c9c92fb2b2d6f) Importer(815301076,1909f56bfc062723c751e8b465ee728b)  -> (artifact id: 'dc6a941ee2ee143a301532a2f39a4a74') in 0.059491 seconds
Number of updated asset objects reloaded before import = 0
Number of asset objects unloaded after import = 1
========================================================================
Received Import Request.
  Time since last request: 0.000063 seconds.
  path: Assets/Ice Cream Truck/ice-cream-truck/source/car base low poly/Materials/group8_lowres_11115Mat.mat
  artifactKey: Guid(2c6879b15ab7fdd4989c4268b44858cb) Importer(815301076,1909f56bfc062723c751e8b465ee728b)
Start importing Assets/Ice Cream Truck/ice-cream-truck/source/car base low poly/Materials/group8_lowres_11115Mat.mat using Guid(2c6879b15ab7fdd4989c4268b44858cb) Importer(815301076,1909f56bfc062723c751e8b465ee728b)  -> (artifact id: 'd3e37060b0bf0d1f2b069995512542c1') in 0.043933 seconds
Number of updated asset objects reloaded before import = 0
Number of asset objects unloaded after import = 1
========================================================================
Received Import Request.
  Time since last request: 0.000143 seconds.
  path: Assets/Ice Cream Truck/ice-cream-truck/source/car base low poly/Materials/group8_lowres_11125Mat.mat
  artifactKey: Guid(8a8899590f15d6448b50d194e4368f51) Importer(815301076,1909f56bfc062723c751e8b465ee728b)
Start importing Assets/Ice Cream Truck/ice-cream-truck/source/car base low poly/Materials/group8_lowres_11125Mat.mat using Guid(8a8899590f15d6448b50d194e4368f51) Importer(815301076,1909f56bfc062723c751e8b465ee728b)  -> (artifact id: 'c969b19f4a3a4493a3b240b579c4069f') in 0.040525 seconds
Number of updated asset objects reloaded before import = 0
Number of asset objects unloaded after import = 1
========================================================================
Received Import Request.
  Time since last request: 0.000031 seconds.
  path: Assets/Ice Cream Truck/ice-cream-truck/source/car base low poly/Materials/group8_lowres_11130Mat.mat
  artifactKey: Guid(e400e94405dc44e4b82ab8d7b77029ec) Importer(815301076,1909f56bfc062723c751e8b465ee728b)
Start importing Assets/Ice Cream Truck/ice-cream-truck/source/car base low poly/Materials/group8_lowres_11130Mat.mat using Guid(e400e94405dc44e4b82ab8d7b77029ec) Importer(815301076,1909f56bfc062723c751e8b465ee728b)  -> (artifact id: '857b6313ae245c3ed8e732e9d38f63c5') in 0.049695 seconds
Number of updated asset objects reloaded before import = 0
Number of asset objects unloaded after import = 1
========================================================================
Received Import Request.
  Time since last request: 0.000093 seconds.
  path: Assets/Ice Cream Truck/ice-cream-truck/source/car base low poly/Materials/group8_lowres_11123Mat.mat
  artifactKey: Guid(5226801490f27a54cac769f382069c53) Importer(815301076,1909f56bfc062723c751e8b465ee728b)
Start importing Assets/Ice Cream Truck/ice-cream-truck/source/car base low poly/Materials/group8_lowres_11123Mat.mat using Guid(5226801490f27a54cac769f382069c53) Importer(815301076,1909f56bfc062723c751e8b465ee728b)  -> (artifact id: '08f64af82f24a1d69660696e53c343fc') in 0.035254 seconds
Number of updated asset objects reloaded before import = 0
Number of asset objects unloaded after import = 1
========================================================================
Received Import Request.
  Time since last request: 0.000411 seconds.
  path: Assets/Ice Cream Truck/ice-cream-truck/source/car base low poly/Materials/group8_pSphere11Mat.mat
  artifactKey: Guid(58ed8e8055e97da4db9c2a996b0bb6db) Importer(815301076,1909f56bfc062723c751e8b465ee728b)
Start importing Assets/Ice Cream Truck/ice-cream-truck/source/car base low poly/Materials/group8_pSphere11Mat.mat using Guid(58ed8e8055e97da4db9c2a996b0bb6db) Importer(815301076,1909f56bfc062723c751e8b465ee728b)  -> (artifact id: '8920730118a28d53fd99924c5c008940') in 0.037468 seconds
Number of updated asset objects reloaded before import = 0
Number of asset objects unloaded after import = 1
========================================================================
Received Import Request.
  Time since last request: 0.000073 seconds.
  path: Assets/Ice Cream Truck/ice-cream-truck/source/car base low poly/Materials/group8_lowres_11124Mat.mat
  artifactKey: Guid(c526ea4e66010f34b8080ce4467a4df2) Importer(815301076,1909f56bfc062723c751e8b465ee728b)
Start importing Assets/Ice Cream Truck/ice-cream-truck/source/car base low poly/Materials/group8_lowres_11124Mat.mat using Guid(c526ea4e66010f34b8080ce4467a4df2) Importer(815301076,1909f56bfc062723c751e8b465ee728b)  -> (artifact id: '9951f12cb32443ede07ab8d3615aef8c') in 0.048037 seconds
Number of updated asset objects reloaded before import = 0
Number of asset objects unloaded after import = 1
========================================================================
Received Import Request.
  Time since last request: 0.000047 seconds.
  path: Assets/Ice Cream Truck/ice-cream-truck/source/car base low poly/Materials/group8_lowres_11126Mat.mat
  artifactKey: Guid(23433a6c7b7f37c4488eeba03ec1ca89) Importer(815301076,1909f56bfc062723c751e8b465ee728b)
Start importing Assets/Ice Cream Truck/ice-cream-truck/source/car base low poly/Materials/group8_lowres_11126Mat.mat using Guid(23433a6c7b7f37c4488eeba03ec1ca89) Importer(815301076,1909f56bfc062723c751e8b465ee728b)  -> (artifact id: '58d3a48956a6676b112916f85323048b') in 0.047715 seconds
Number of updated asset objects reloaded before import = 0
Number of asset objects unloaded after import = 1
========================================================================
Received Import Request.
  Time since last request: 0.000163 seconds.
  path: Assets/Ice Cream Truck/ice-cream-truck/source/car base low poly/Materials/group8_lowres_11114Mat.mat
  artifactKey: Guid(6c7d673fc3eea0c478f5d134f69635e0) Importer(815301076,1909f56bfc062723c751e8b465ee728b)
Start importing Assets/Ice Cream Truck/ice-cream-truck/source/car base low poly/Materials/group8_lowres_11114Mat.mat using Guid(6c7d673fc3eea0c478f5d134f69635e0) Importer(815301076,1909f56bfc062723c751e8b465ee728b)  -> (artifact id: '4cd7c2faf0ea5136698297d9fdaf0062') in 0.040327 seconds
Number of updated asset objects reloaded before import = 0
Number of asset objects unloaded after import = 1
========================================================================
Received Import Request.
  Time since last request: 0.000030 seconds.
  path: Assets/Ice Cream Truck/ice-cream-truck/source/car base low poly/Materials/group8_lowres_11117Mat.mat
  artifactKey: Guid(c2f36db49cf33da4c91ac7cdd0ba8f4f) Importer(815301076,1909f56bfc062723c751e8b465ee728b)
Start importing Assets/Ice Cream Truck/ice-cream-truck/source/car base low poly/Materials/group8_lowres_11117Mat.mat using Guid(c2f36db49cf33da4c91ac7cdd0ba8f4f) Importer(815301076,1909f56bfc062723c751e8b465ee728b)  -> (artifact id: '101a41f8197e813125740407f77f41aa') in 0.034627 seconds
Number of updated asset objects reloaded before import = 0
Number of asset objects unloaded after import = 1
========================================================================
Received Import Request.
  Time since last request: 0.000086 seconds.
  path: Assets/Ice Cream Truck/ice-cream-truck/source/car base low poly/Materials/group8_lowres_11129Mat.mat
  artifactKey: Guid(9eb960facd2e4634f94c64474c08e076) Importer(815301076,1909f56bfc062723c751e8b465ee728b)
Start importing Assets/Ice Cream Truck/ice-cream-truck/source/car base low poly/Materials/group8_lowres_11129Mat.mat using Guid(9eb960facd2e4634f94c64474c08e076) Importer(815301076,1909f56bfc062723c751e8b465ee728b)  -> (artifact id: '1c549e57d27109b5cca0861e43cebf9f') in 0.032410 seconds
Number of updated asset objects reloaded before import = 0
Number of asset objects unloaded after import = 1
========================================================================
Received Import Request.
  Time since last request: 0.000044 seconds.
  path: Assets/Ice Cream Truck/ice-cream-truck/source/car base low poly/Materials/group8_pSphere1Mat.mat
  artifactKey: Guid(770158b18bc630641aced1cd51beba7e) Importer(815301076,1909f56bfc062723c751e8b465ee728b)
Start importing Assets/Ice Cream Truck/ice-cream-truck/source/car base low poly/Materials/group8_pSphere1Mat.mat using Guid(770158b18bc630641aced1cd51beba7e) Importer(815301076,1909f56bfc062723c751e8b465ee728b)  -> (artifact id: '001119834bc1ef8a2f65cf592a15c038') in 0.047536 seconds
Number of updated asset objects reloaded before import = 0
Number of asset objects unloaded after import = 1
========================================================================
Received Import Request.
  Time since last request: 0.000164 seconds.
  path: Assets/Ice Cream Truck/ice-cream-truck/source/car base low poly/Materials/group8_pSphere7Mat.mat
  artifactKey: Guid(74b8d02914231b84c92a360c41b9c9af) Importer(815301076,1909f56bfc062723c751e8b465ee728b)
Start importing Assets/Ice Cream Truck/ice-cream-truck/source/car base low poly/Materials/group8_pSphere7Mat.mat using Guid(74b8d02914231b84c92a360c41b9c9af) Importer(815301076,1909f56bfc062723c751e8b465ee728b)  -> (artifact id: '879239353b8af9552e78c3c26ff96c66') in 0.037821 seconds
Number of updated asset objects reloaded before import = 0
Number of asset objects unloaded after import = 1
========================================================================
Received Import Request.
  Time since last request: 0.000555 seconds.
  path: Assets/Ice Cream Truck/ice-cream-truck/source/car base low poly/Materials/group8_pSphere3Mat.mat
  artifactKey: Guid(a17d0701ecea013459162b34bbba668d) Importer(815301076,1909f56bfc062723c751e8b465ee728b)
Start importing Assets/Ice Cream Truck/ice-cream-truck/source/car base low poly/Materials/group8_pSphere3Mat.mat using Guid(a17d0701ecea013459162b34bbba668d) Importer(815301076,1909f56bfc062723c751e8b465ee728b)  -> (artifact id: '0e9a6b163731d9c638bd6cf8b89b9886') in 0.051246 seconds
Number of updated asset objects reloaded before import = 0
Number of asset objects unloaded after import = 1
========================================================================
Received Import Request.
  Time since last request: 0.000045 seconds.
  path: Assets/Ice Cream Truck/ice-cream-truck/source/car base low poly/Materials/group8_pSphere12Mat.mat
  artifactKey: Guid(4e7d864eb7bad744eaa38a9b53223e6c) Importer(815301076,1909f56bfc062723c751e8b465ee728b)
Start importing Assets/Ice Cream Truck/ice-cream-truck/source/car base low poly/Materials/group8_pSphere12Mat.mat using Guid(4e7d864eb7bad744eaa38a9b53223e6c) Importer(815301076,1909f56bfc062723c751e8b465ee728b)  -> (artifact id: '0969da260df91129b18b395ffb985e52') in 0.034083 seconds
Number of updated asset objects reloaded before import = 0
Number of asset objects unloaded after import = 1
========================================================================
Received Import Request.
  Time since last request: 12.402971 seconds.
  path: Assets/Ice Cream Truck/ice-cream-truck/textures/low_UV1_metal1_BaseColor.png
  artifactKey: Guid(64b0262208a448444b30ccd34bcf0dae) Importer(815301076,1909f56bfc062723c751e8b465ee728b)
Start importing Assets/Ice Cream Truck/ice-cream-truck/textures/low_UV1_metal1_BaseColor.png using Guid(64b0262208a448444b30ccd34bcf0dae) Importer(815301076,1909f56bfc062723c751e8b465ee728b)  -> (artifact id: '465cd46a5b8e7d5f3934a4c5fcad0ce3') in 0.115141 seconds
Number of updated asset objects reloaded before import = 0
Number of asset objects unloaded after import = 2
========================================================================
Received Import Request.
  Time since last request: 0.000123 seconds.
  path: Assets/Ice Cream Truck/ice-cream-truck/textures/low_UV5_rubber_Roughness.png
  artifactKey: Guid(ad42d7ca4147f5c479803ce455e8e0ac) Importer(815301076,1909f56bfc062723c751e8b465ee728b)
Start importing Assets/Ice Cream Truck/ice-cream-truck/textures/low_UV5_rubber_Roughness.png using Guid(ad42d7ca4147f5c479803ce455e8e0ac) Importer(815301076,1909f56bfc062723c751e8b465ee728b)  -> (artifact id: '7559e9cbdff138644704ae10754bdf3d') in 0.071549 seconds
Number of updated asset objects reloaded before import = 0
Number of asset objects unloaded after import = 2
========================================================================
Received Import Request.
  Time since last request: 0.000056 seconds.
  path: Assets/Ice Cream Truck/ice-cream-truck/textures/low_UV_metal_group_Roughness.png
  artifactKey: Guid(98a492ccf40192f46a068c5143f007dd) Importer(815301076,1909f56bfc062723c751e8b465ee728b)
Start importing Assets/Ice Cream Truck/ice-cream-truck/textures/low_UV_metal_group_Roughness.png using Guid(98a492ccf40192f46a068c5143f007dd) Importer(815301076,1909f56bfc062723c751e8b465ee728b)  -> (artifact id: 'e0d774599c7818ca7b7357dba45720cd') in 0.077397 seconds
Number of updated asset objects reloaded before import = 0
Number of asset objects unloaded after import = 2
========================================================================
Received Import Request.
  Time since last request: 0.000095 seconds.
  path: Assets/Ice Cream Truck/ice-cream-truck/textures/low_UV2_glass2_Roughness.png
  artifactKey: Guid(d8f917642cb3d694e9e0822e835f0933) Importer(815301076,1909f56bfc062723c751e8b465ee728b)
Start importing Assets/Ice Cream Truck/ice-cream-truck/textures/low_UV2_glass2_Roughness.png using Guid(d8f917642cb3d694e9e0822e835f0933) Importer(815301076,1909f56bfc062723c751e8b465ee728b)  -> (artifact id: '894161ae163c184b1b18585ca0a73a88') in 0.063912 seconds
Number of updated asset objects reloaded before import = 0
Number of asset objects unloaded after import = 2
========================================================================
Received Import Request.
  Time since last request: 0.000060 seconds.
  path: Assets/Ice Cream Truck/ice-cream-truck/textures/low_UV2_glass2_Metalness.png
  artifactKey: Guid(9ce76c629df514643820c4cb3f170ecc) Importer(815301076,1909f56bfc062723c751e8b465ee728b)
Start importing Assets/Ice Cream Truck/ice-cream-truck/textures/low_UV2_glass2_Metalness.png using Guid(9ce76c629df514643820c4cb3f170ecc) Importer(815301076,1909f56bfc062723c751e8b465ee728b)  -> (artifact id: '754b83792a260770d3cad1ea90c0fe71') in 0.066348 seconds
Number of updated asset objects reloaded before import = 0
Number of asset objects unloaded after import = 2
========================================================================
Received Import Request.
  Time since last request: 0.000046 seconds.
  path: Assets/Ice Cream Truck/ice-cream-truck/textures/low_UV3_plastic_Normal.png
  artifactKey: Guid(130606307480b9046b0ad48ef1605f2e) Importer(815301076,1909f56bfc062723c751e8b465ee728b)
Start importing Assets/Ice Cream Truck/ice-cream-truck/textures/low_UV3_plastic_Normal.png using Guid(130606307480b9046b0ad48ef1605f2e) Importer(815301076,1909f56bfc062723c751e8b465ee728b)  -> (artifact id: 'cb2491375e4c86cce12991a09218e486') in 0.057230 seconds
Number of updated asset objects reloaded before import = 0
Number of asset objects unloaded after import = 2
Editor requested this worker to shutdown with reason: Scaling down because of idle timeout
TcpMessagingSession - receive error: operation aborted. errorcode: 995, details: ќпераци€ ввода/вывода была прервана из-за завершени€ потока команд или по запросу приложени€.
AssetImportWorker is now disconnected from the server
Process exiting
Exiting without the bug reporter. Application will terminate with return code 0